<?xml version="1.0" encoding="UTF-8"?>
<!-- Generated by org.testng.reporters.JUnitReportReporter -->
<testsuite hostname="L10030BLR" failures="0" tests="1" name="selenium.advance.ExtentReportDemo" time="0.755" errors="0" timestamp="2021-07-06T07:33:31 IST" skipped="0">
  <testcase classname="selenium.advance.ExtentReportDemo" name="login" time="0.755"/>
  <system-out/>
</testsuite> <!-- selenium.advance.ExtentReportDemo -->
