<?xml version="1.0" encoding="UTF-8"?>
<!-- Generated by org.testng.reporters.JUnitReportReporter -->
<testsuite hostname="Kick" failures="0" tests="1" name="testscripst.testng.LoginTest" time="19.653" errors="0" timestamp="2021-05-05T10:23:42 IST" skipped="0">
  <testcase classname="testscripst.testng.LoginTest" name="loginErrorTest" time="19.653"/>
  <system-out/>
</testsuite> <!-- testscripst.testng.LoginTest -->
