<?xml version="1.0" encoding="UTF-8"?>
<!-- Generated by org.testng.reporters.JUnitReportReporter -->
<testsuite hostname="CA-S-UMEERA-TAJ" failures="0" tests="2" name="selenium.testngDemo.TestNGtest" time="0.015" errors="0" timestamp="2021-08-24T07:55:34 IST" skipped="0">
  <testcase classname="selenium.testngDemo.TestNGtest" name="TC2" time="0.005"/>
  <system-out>
    <![CDATA[Test Case 2]]>
  </system-out>
  <testcase classname="selenium.testngDemo.TestNGtest" name="TC1" time="0.010"/>
  <system-out>
    <![CDATA[Test Case 1]]>
  </system-out>
</testsuite> <!-- selenium.testngDemo.TestNGtest -->
