<?xml version="1.0" encoding="UTF-8"?>
<!-- Generated by org.testng.reporters.JUnitReportReporter -->
<testsuite hostname="L10030BLR" failures="0" tests="1" name="selenium.automationchallenges.popup.IFrames" time="11.112" errors="0" timestamp="2021-05-28T08:19:20 IST" skipped="0">
  <testcase classname="selenium.automationchallenges.popup.IFrames" name="iframesTest" time="11.112"/>
  <system-out>
[Browser Activity] chrome Browser Launched [Browser Activity] Browser Maximized [Browser Activity] URL entered : https://www.naukri.com/hr-recruiters-consultants  </system-out>
</testsuite> <!-- selenium.automationchallenges.popup.IFrames -->
