<?xml version="1.0" encoding="UTF-8"?>
<!-- Generated by org.testng.reporters.JUnitReportReporter -->
<testsuite hostname="L10030BLR" failures="0" tests="1" name="testscripts.loginTest" time="12.436" errors="0" timestamp="2021-06-07T08:08:15 IST" skipped="0">
  <testcase classname="testscripts.loginTest" name="login" time="12.436"/>
  <system-out/>
</testsuite> <!-- testscripts.loginTest -->
