<?xml version="1.0" encoding="UTF-8"?>
<!-- Generated by org.testng.reporters.JUnitReportReporter -->
<testsuite hostname="L10030BLR" failures="0" tests="1" name="selenium.datadriven.ParametersDemo" time="13.737" errors="0" timestamp="2021-06-09T07:30:21 IST" skipped="0">
  <testcase classname="selenium.datadriven.ParametersDemo" name="login" time="13.737"/>
  <system-out>
[Browser Activity] chrome Browser Launched [Browser Activity] Browser Maximized [Browser Activity] URL entered : https://opensource-demo.orangehrmlive.com/index.php/auth/login Testing using Parameters  </system-out>
</testsuite> <!-- selenium.datadriven.ParametersDemo -->
