<?xml version="1.0" encoding="UTF-8"?>
<!-- Generated by org.testng.reporters.JUnitReportReporter -->
<testsuite hostname="L10030BLR" failures="0" tests="3" name="selenium.testngDemo.InhertianceInTestNGTestClass" time="0.016" errors="0" timestamp="2021-07-02T07:29:49 IST" skipped="0">
  <testcase classname="selenium.testngDemo.InhertianceInTestNGTestClass" name="tc_2" time="0.005"/>
  <system-out>
Exe tc_2  </system-out>
  <testcase classname="selenium.testngDemo.InhertianceInTestNGTestClass" name="tc_1" time="0.005"/>
  <system-out>
Exe tc_1  </system-out>
  <testcase classname="selenium.testngDemo.InhertianceInTestNGTestClass" name="tc_3" time="0.006"/>
  <system-out>
Exe tc_3  </system-out>
</testsuite> <!-- selenium.testngDemo.InhertianceInTestNGTestClass -->
