<?xml version="1.0" encoding="UTF-8"?>
<!-- Generated by org.testng.reporters.JUnitReportReporter -->
<testsuite hostname="Kick" failures="0" tests="1" name="selenium.automationchallenges.popup.HiddenPopup" time="105.530" errors="0" timestamp="2021-05-21T07:54:38 IST" skipped="0">
  <testcase classname="selenium.automationchallenges.popup.HiddenPopup" name="alertdemo" time="105.530"/>
  <system-out>
    <![CDATA[[Browser Activity] URL entered : https://login.onepaperlane.org/user/listing]]>
  </system-out>
</testsuite> <!-- selenium.automationchallenges.popup.HiddenPopup -->
