<?xml version="1.0" encoding="UTF-8"?>
<!-- Generated by org.testng.reporters.JUnitReportReporter -->
<testsuite hostname="L10030BLR" failures="0" tests="1" name="selenium.automationchallenges.popup.ChildBrowserPopup2" time="12.379" errors="0" timestamp="2021-05-28T07:37:03 IST" skipped="0">
  <testcase classname="selenium.automationchallenges.popup.ChildBrowserPopup2" name="fileuploadtest" time="12.379"/>
  <system-out>
[Browser Activity] chrome Browser Launched [Browser Activity] Browser Maximized [Browser Activity] URL entered : https://www.naukri.com/  </system-out>
</testsuite> <!-- selenium.automationchallenges.popup.ChildBrowserPopup2 -->
