<?xml version="1.0" encoding="UTF-8"?>
<!-- Generated by org.testng.reporters.JUnitReportReporter -->
<testsuite hostname="L10030BLR" failures="0" tests="3" name="selenium.testngDemo.TestNGPriorityWithDescription" time="0.022" errors="0" timestamp="2021-07-03T06:44:53 IST" skipped="0">
  <testcase classname="selenium.testngDemo.TestNGPriorityWithDescription" name="RejectItem" time="0.011"/>
  <system-out/>
  <testcase classname="selenium.testngDemo.TestNGPriorityWithDescription" name="login" time="0.002"/>
  <system-out/>
  <testcase classname="selenium.testngDemo.TestNGPriorityWithDescription" name="selectitem" time="0.009"/>
  <system-out/>
</testsuite> <!-- selenium.testngDemo.TestNGPriorityWithDescription -->
