<?xml version="1.0" encoding="UTF-8"?>
<!-- Generated by org.testng.reporters.JUnitReportReporter -->
<testsuite hostname="L10030BLR" failures="0" tests="3" name="selenium.datadriven.DataProviderDemo" time="28.034" errors="0" timestamp="2021-06-11T07:26:23 IST" skipped="0">
  <testcase classname="selenium.datadriven.DataProviderDemo" name="loginArray" time="9.104"/>
  <system-out>
[Browser Activity] chrome Browser Launched [Browser Activity] Browser Maximized [Browser Activity] URL entered : https://opensource-demo.orangehrmlive.com/index.php/auth/login Testing using Data Provider Array  </system-out>
  <testcase classname="selenium.datadriven.DataProviderDemo" name="loginArray" time="10.781"/>
  <system-out>
[Browser Activity] chrome Browser Launched [Browser Activity] Browser Maximized [Browser Activity] URL entered : https://opensource-demo.orangehrmlive.com/index.php/auth/login Testing using Data Provider Array  </system-out>
  <testcase classname="selenium.datadriven.DataProviderDemo" name="loginArray" time="8.149"/>
  <system-out>
[Browser Activity] chrome Browser Launched [Browser Activity] Browser Maximized [Browser Activity] URL entered : https://opensource-demo.orangehrmlive.com/index.php/auth/login Testing using Data Provider Array  </system-out>
</testsuite> <!-- selenium.datadriven.DataProviderDemo -->
