<?xml version="1.0" encoding="UTF-8"?>
<!-- Generated by org.testng.reporters.JUnitReportReporter -->
<testsuite hostname="DESKTOP-AE2GJMR" failures="0" tests="1" name="Automation.QspidersLTU.TestNGtest" time="3.536" errors="0" timestamp="2021-05-29T09:42:15 IST" skipped="0">
  <testcase classname="Automation.QspidersLTU.TestNGtest" name="verifypage" time="3.536"/>
  <system-out>
    <![CDATA[Verifing page]]>
  </system-out>
</testsuite> <!-- Automation.QspidersLTU.TestNGtest -->
