<?xml version="1.0" encoding="UTF-8"?>
<!-- Generated by org.testng.reporters.JUnitReportReporter -->
<testsuite hostname="L10030BLR" failures="0" tests="2" name="selenium.testngDemo.Test1" time="0.012" errors="0" timestamp="2021-07-10T08:27:52 IST" skipped="0">
  <testcase classname="selenium.testngDemo.Test1" name="Test1a" time="0.009"/>
  <system-out/>
  <testcase classname="selenium.testngDemo.Test1" name="Test2a" time="0.003"/>
  <system-out/>
</testsuite> <!-- selenium.testngDemo.Test1 -->
