<?xml version="1.0" encoding="UTF-8"?>
<!-- Generated by org.testng.reporters.JUnitReportReporter -->
<testsuite hostname="L10030BLR" failures="0" tests="1" name="selenium.datadriven.WriteDataInExcel" time="1.567" errors="0" timestamp="2021-06-15T06:50:07 IST" skipped="0">
  <testcase classname="selenium.datadriven.WriteDataInExcel" name="login" time="1.567"/>
  <system-out>
Data in Excel:- Adminz Data in Excel:- admin123  </system-out>
</testsuite> <!-- selenium.datadriven.WriteDataInExcel -->
