<?xml version="1.0" encoding="UTF-8"?>
<!-- Generated by org.testng.reporters.JUnitReportReporter -->
<testsuite hostname="L10030BLR" failures="0" tests="1" name="selenium.advance.CaptureScreenshotOnFailure" time="6.211" errors="0" timestamp="2021-06-30T07:25:18 IST" skipped="0">
  <testcase classname="selenium.advance.CaptureScreenshotOnFailure" name="captureScreenshot" time="6.211"/>
  <system-out>
[Browser Activity] URL entered : https://www.facebook.com/  </system-out>
</testsuite> <!-- selenium.advance.CaptureScreenshotOnFailure -->
