<?xml version="1.0" encoding="UTF-8"?>
<!-- Generated by org.testng.reporters.JUnitReportReporter -->
<testsuite hostname="L10030BLR" failures="0" tests="2" name="testscripts.UserSearch" time="14.490" errors="0" timestamp="2021-06-08T08:16:38 IST" skipped="0">
  <testcase classname="testscripts.UserSearch" name="userSearch" time="12.117"/>
  <system-out/>
  <testcase classname="testscripts.UserSearch" name="login" time="2.373"/>
  <system-out/>
</testsuite> <!-- testscripts.UserSearch -->
