<?xml version="1.0" encoding="UTF-8"?>
<!-- Generated by org.testng.reporters.JUnitReportReporter -->
<testsuite hostname="L10030BLR" failures="0" tests="1" name="selenium.datadriven.UsingExcel" time="16.069" errors="0" timestamp="2021-06-13T07:14:10 IST" skipped="0">
  <testcase classname="selenium.datadriven.UsingExcel" name="login" time="16.069"/>
  <system-out>
[Browser Activity] chrome Browser Launched [Browser Activity] Browser Maximized ORANGE HRM URLhttps://opensource-demo.orangehrmlive.com/index.php/auth/login [Browser Activity] URL entered : https://opensource-demo.orangehrmlive.com/index.php/auth/login Testing using Excel  </system-out>
</testsuite> <!-- selenium.datadriven.UsingExcel -->
