<?xml version="1.0" encoding="UTF-8"?>
<!-- Generated by org.testng.reporters.JUnitReportReporter -->
<testsuite hostname="L10030BLR" failures="0" tests="1" name="selenium.automationchallenges.popup.ChildBrowserPopup" time="9.323" errors="0" timestamp="2021-05-28T07:25:43 IST" skipped="0">
  <testcase classname="selenium.automationchallenges.popup.ChildBrowserPopup" name="fileuploadtest" time="9.323"/>
  <system-out>
[Browser Activity] chrome Browser Launched [Browser Activity] Browser Maximized [Browser Activity] URL entered : https://www.naukri.com/  </system-out>
</testsuite> <!-- selenium.automationchallenges.popup.ChildBrowserPopup -->
