<?xml version="1.0" encoding="UTF-8"?>
<!-- Generated by org.testng.reporters.JUnitReportReporter -->
<testsuite hostname="Kick" failures="0" tests="1" name="selenium.automationchallenges.popup.FileUploadDownloadpopupUsingAutoIT" time="8.393" errors="0" timestamp="2021-05-26T08:21:58 IST" skipped="0">
  <testcase classname="selenium.automationchallenges.popup.FileUploadDownloadpopupUsingAutoIT" name="fileuploadtest" time="8.393"/>
  <system-out>
    <![CDATA[[Browser Activity] chrome Browser Launched
[Browser Activity] Browser Maximized
[Browser Activity] URL entered : https://www.freepdfconvert.com/pdf-to-word]]>
  </system-out>
</testsuite> <!-- selenium.automationchallenges.popup.FileUploadDownloadpopupUsingAutoIT -->
